 Min Dist Fixed Outter to Orbit Inner:    1.043919             101          51
 Min Dist Fixed Outter to Orbit Inner:    1.116707             101          48
 Min Dist Fixed Outter to Orbit Inner:    1.028049             101          51
 Min Dist Fixed Outter to Orbit Inner:    1.132135             101          49
 Min Dist Fixed Outter to Orbit Inner:    1.012490             101          51
 Min Dist Fixed Outter to Orbit Inner:    1.146976             101          49
 Min Dist Fixed Outter to Orbit Inner:   0.9973544             101          51
 Min Dist Fixed Outter to Orbit Inner:    1.161312             101          49
 Min Dist Fixed Outter to Orbit Inner:   0.9827567             101          51
 Min Dist Fixed Outter to Orbit Inner:    1.175075             101          49
 Min Dist Fixed Outter to Orbit Inner:   0.9682503             101          50
 Min Dist Fixed Outter to Orbit Inner:    1.188202             101          49
 Min Dist Fixed Outter to Orbit Inner:   0.9539841             101          50
 Min Dist Fixed Outter to Orbit Inner:    1.200633             101          49
 Min Dist Fixed Outter to Orbit Inner:   0.9404355             101          50
 Min Dist Fixed Outter to Orbit Inner:    1.212315             101          49
 Min Dist Fixed Outter to Orbit Inner:   0.9277214             101          50
 Min Dist Fixed Outter to Orbit Inner:    1.223198             101          49
 Min Dist Fixed Outter to Orbit Inner:   0.9159567             101          50
 Min Dist Fixed Outter to Orbit Inner:    1.233237             101          49
 Min Dist Fixed Outter to Orbit Inner:   0.9052519             101          50
 Min Dist Fixed Outter to Orbit Inner:    1.242391             101          49
 Min Dist Fixed Outter to Orbit Inner:   0.8957126             101          50
 Min Dist Fixed Outter to Orbit Inner:    1.250623             101          49
 Min Dist Fixed Outter to Orbit Inner:   0.8874354             101          50
 Min Dist Fixed Outter to Orbit Inner:    1.257902             101          49
 Min Dist Fixed Outter to Orbit Inner:   0.8805082             101          50
 Min Dist Fixed Outter to Orbit Inner:    1.264200             101          49
 Min Dist Fixed Outter to Orbit Inner:   0.8750057             101          50
 Min Dist Fixed Outter to Orbit Inner:    1.269492             101          49
 Min Dist Fixed Outter to Orbit Inner:   0.8709895             101          50
 Min Dist Fixed Outter to Orbit Inner:    1.273759             101          49
 Min Dist Fixed Outter to Orbit Inner:   0.8685048             101          50
 Min Dist Fixed Outter to Orbit Inner:    1.276984             101          49
 Min Dist Fixed Outter to Orbit Inner:   0.8675805             101          50
 Min Dist Fixed Outter to Orbit Inner:    1.279156             101          49
 Min Dist Fixed Outter to Orbit Inner:   0.8682268             101          50
 Min Dist Fixed Outter to Orbit Inner:    1.279132             101          50
 Min Dist Fixed Outter to Orbit Inner:   0.8685880             101          49
 Min Dist Fixed Outter to Orbit Inner:    1.277629             101          50
 Min Dist Fixed Outter to Orbit Inner:   0.8700896             101          49
 Min Dist Fixed Outter to Orbit Inner:    1.275067             101          50
 Min Dist Fixed Outter to Orbit Inner:   0.8731428             101          49
 Min Dist Fixed Outter to Orbit Inner:    1.271457             101          50
 Min Dist Fixed Outter to Orbit Inner:   0.8777124             101          49
 Min Dist Fixed Outter to Orbit Inner:    1.266810             101          50
 Min Dist Fixed Outter to Orbit Inner:   0.8837472             101          49
 Min Dist Fixed Outter to Orbit Inner:    1.261145             101          50
 Min Dist Fixed Outter to Orbit Inner:   0.8911804             101          49
 Min Dist Fixed Outter to Orbit Inner:    1.254483             101          50
 Min Dist Fixed Outter to Orbit Inner:   0.8999325             101          49
 Min Dist Fixed Outter to Orbit Inner:    1.246850             101          50
 Min Dist Fixed Outter to Orbit Inner:   0.9099120             101          49
 Min Dist Fixed Outter to Orbit Inner:    1.238274             101          50
 Min Dist Fixed Outter to Orbit Inner:   0.9210187             101          49
 Min Dist Fixed Outter to Orbit Inner:    1.228791             101          50
 Min Dist Fixed Outter to Orbit Inner:   0.9331453             101          49
 Min Dist Fixed Outter to Orbit Inner:    1.218436             101          50
 Min Dist Fixed Outter to Orbit Inner:   0.9461792             101          49
 Min Dist Fixed Outter to Orbit Inner:    1.207254             101          50
 Min Dist Fixed Outter to Orbit Inner:   0.9600048             101          49
 Min Dist Fixed Outter to Orbit Inner:    1.195291             101          50
 Min Dist Fixed Outter to Orbit Inner:   0.9745052             101          49
 Min Dist Fixed Outter to Orbit Inner:    1.182598             101          50
 Min Dist Fixed Outter to Orbit Inner:   0.9895630             101          49
 Min Dist Fixed Outter to Orbit Inner:    1.169230             101          50
 Min Dist Fixed Outter to Orbit Inner:    1.005063             101          49
 Min Dist Fixed Outter to Orbit Inner:    1.155012             101          51
 Min Dist Fixed Outter to Orbit Inner:    1.020637             101          48
 Min Dist Fixed Outter to Orbit Inner:    1.139803             101          51
 Min Dist Fixed Outter to Orbit Inner:    1.036330             101          48
 Min Dist Fixed Outter to Orbit Inner:    1.124227             101          51
 Min Dist Fixed Outter to Orbit Inner:    1.052291             101          48
 Min Dist Fixed Outter to Orbit Inner:    1.108368             101          51
 Min Dist Fixed Outter to Orbit Inner:    1.068411             101          48
 Min Dist Fixed Outter to Orbit Inner:    1.092313             101          51
 Min Dist Fixed Outter to Orbit Inner:    1.084586             101          48
 Min Dist Fixed Outter to Orbit Inner:    1.076154             101          51
 Min Dist Fixed Outter to Orbit Inner:    1.100716             101          48
 Min Dist Fixed Outter to Orbit Inner:    1.059988             101          51
 Min Dist Fixed Outter to Orbit Inner:    1.116706             101          48
 Min Dist Fixed Outter to Orbit Inner:    1.043917             101          51
 Min Dist Fixed Outter to Orbit Inner:    1.132133             101          49
 Min Dist Fixed Outter to Orbit Inner:    1.028048             101          51
 Min Dist Fixed Outter to Orbit Inner:    1.146974             101          49
 Min Dist Fixed Outter to Orbit Inner:    1.012489             101          51
 Min Dist Fixed Outter to Orbit Inner:    1.161311             101          49
 Min Dist Fixed Outter to Orbit Inner:   0.9973529             101          51
 Min Dist Fixed Outter to Orbit Inner:    1.175074             101          49
 Min Dist Fixed Outter to Orbit Inner:   0.9827554             101          51
 Min Dist Fixed Outter to Orbit Inner:    1.188201             101          49
 Min Dist Fixed Outter to Orbit Inner:   0.9682490             101          50
 Min Dist Fixed Outter to Orbit Inner:    1.200632             101          49
 Min Dist Fixed Outter to Orbit Inner:   0.9539827             101          50
 Min Dist Fixed Outter to Orbit Inner:    1.212314             101          49
 Min Dist Fixed Outter to Orbit Inner:   0.9404342             101          50
 Min Dist Fixed Outter to Orbit Inner:    1.223197             101          49
 Min Dist Fixed Outter to Orbit Inner:   0.9277203             101          50
 Min Dist Fixed Outter to Orbit Inner:    1.233236             101          49
 Min Dist Fixed Outter to Orbit Inner:   0.9159556             101          50
 Min Dist Fixed Outter to Orbit Inner:    1.242390             101          49
 Min Dist Fixed Outter to Orbit Inner:   0.9052511             101          50
 Min Dist Fixed Outter to Orbit Inner:    1.250622             101          49
 Min Dist Fixed Outter to Orbit Inner:   0.8957116             101          50
 Min Dist Fixed Outter to Orbit Inner:    1.257902             101          49
 Min Dist Fixed Outter to Orbit Inner:   0.8874346             101          50
 Min Dist Fixed Outter to Orbit Inner:    1.264199             101          49
 Min Dist Fixed Outter to Orbit Inner:   0.8805075             101          50
 Min Dist Fixed Outter to Orbit Inner:    1.269491             101          49
 Min Dist Fixed Outter to Orbit Inner:   0.8750052             101          50
 Min Dist Fixed Outter to Orbit Inner:    1.273758             101          49
 Min Dist Fixed Outter to Orbit Inner:   0.8709891             101          50
 Min Dist Fixed Outter to Orbit Inner:    1.276984             101          49
 Min Dist Fixed Outter to Orbit Inner:   0.8685046             101          50
 Min Dist Fixed Outter to Orbit Inner:    1.279156             101          49
 Min Dist Fixed Outter to Orbit Inner:   0.8675806             101          50
 Min Dist Fixed Outter to Orbit Inner:    1.279132             101          50
 Min Dist Fixed Outter to Orbit Inner:   0.8682271             101          50
 Min Dist Fixed Outter to Orbit Inner:    1.277629             101          50
 Min Dist Fixed Outter to Orbit Inner:   0.8685880             101          49
 Min Dist Fixed Outter to Orbit Inner:    1.275067             101          50
 Min Dist Fixed Outter to Orbit Inner:   0.8700898             101          49
 Min Dist Fixed Outter to Orbit Inner:    1.271457             101          50
 Min Dist Fixed Outter to Orbit Inner:   0.8731430             101          49
 Min Dist Fixed Outter to Orbit Inner:    1.266811             101          50
 Min Dist Fixed Outter to Orbit Inner:   0.8777129             101          49
 Min Dist Fixed Outter to Orbit Inner:    1.261146             101          50
 Min Dist Fixed Outter to Orbit Inner:   0.8837478             101          49
 Min Dist Fixed Outter to Orbit Inner:    1.254484             101          50
 Min Dist Fixed Outter to Orbit Inner:   0.8911812             101          49
 Min Dist Fixed Outter to Orbit Inner:    1.246850             101          50
 Min Dist Fixed Outter to Orbit Inner:   0.8999333             101          49
 Min Dist Fixed Outter to Orbit Inner:    1.238275             101          50
 Min Dist Fixed Outter to Orbit Inner:   0.9099131             101          49
 Min Dist Fixed Outter to Orbit Inner:    1.228791             101          50
 Min Dist Fixed Outter to Orbit Inner:   0.9210199             101          49
 Min Dist Fixed Outter to Orbit Inner:    1.218437             101          50
 Min Dist Fixed Outter to Orbit Inner:   0.9331466             101          49
 Min Dist Fixed Outter to Orbit Inner:    1.207255             101          50
 Min Dist Fixed Outter to Orbit Inner:   0.9461804             101          49
 Min Dist Fixed Outter to Orbit Inner:    1.195292             101          50
 Min Dist Fixed Outter to Orbit Inner:   0.9600063             101          49
 Min Dist Fixed Outter to Orbit Inner:    1.182599             101          50
 Min Dist Fixed Outter to Orbit Inner:   0.9745066             101          49
 Min Dist Fixed Outter to Orbit Inner:    1.169231             101          50
 Min Dist Fixed Outter to Orbit Inner:   0.9895645             101          49
 Min Dist Fixed Outter to Orbit Inner:    1.155013             101          51
 Min Dist Fixed Outter to Orbit Inner:    1.005064             101          49
 Min Dist Fixed Outter to Orbit Inner:    1.139804             101          51
 Min Dist Fixed Outter to Orbit Inner:    1.020639             101          48
 Min Dist Fixed Outter to Orbit Inner:    1.124229             101          51
 Min Dist Fixed Outter to Orbit Inner:    1.036332             101          48
 Min Dist Fixed Outter to Orbit Inner:    1.108370             101          51
 Min Dist Fixed Outter to Orbit Inner:    1.052293             101          48
 Min Dist Fixed Outter to Orbit Inner:    1.092314             101          51
 Min Dist Fixed Outter to Orbit Inner:    1.068412             101          48
 Min Dist Fixed Outter to Orbit Inner:    1.076155             101          51
 Min Dist Fixed Outter to Orbit Inner:    1.084587             101          48
 Min Dist Fixed Outter to Orbit Inner:    1.059989             101          51
 Min Dist Fixed Outter to Orbit Inner:    1.100717             101          48
 Min Dist Fixed Outter to Orbit Inner:    1.043919             101          51
 Min Dist Fixed Outter to Orbit Inner:    1.116707             101          48
 
 +++++++++++++++++++++++++++++++++++++++++
 Overall Min Dist Fixed Inner to Orbit Outter:   0.2171333              48
          72
 +++++++++++++++++++++++++++++++++++++++++
 
 
 +++++++++++++++++++++++++++++++++++++++++
 Overall Min Dist Fixed Outter to Orbit Inner:   1.7186189E-02          24
          38
 +++++++++++++++++++++++++++++++++++++++++
 
